10/01/18 09:18:44 v1.34.5 @ kali, System/Build Info: 
Using GMP-ECM 7.0-dev, Powered by MPIR 2.6.0
cached 78498 primes. pmax = 999983
detected Intel(R) Core(TM) i7-4980HQ CPU @ 2.80GHz
detected L1 = 32768 bytes, L2 = 134217728 bytes, CL = 64 bytes
measured cpu frequency ~= 2829.896130
using 20 random witnesses for Rabin-Miller PRP checks

10/01/18 09:18:44 v1.34.5 @ kali, New random seeds: 0, 4013148192

10/01/18 09:18:52 v1.34.5 @ kali, Processing expression: factor(23720859638554553492250520037551375940141852193066519896722452437003318347957133)

10/01/18 09:33:03 v1.34.5 @ kali, Processing expression: 

10/01/18 09:33:04 v1.34.5 @ kali, Processing expression: q

10/01/18 09:33:34 v1.34.5 @ kali, System/Build Info: 
Using GMP-ECM 7.0-dev, Powered by MPIR 2.6.0
cached 78498 primes. pmax = 999983
detected Intel(R) Core(TM) i7-4980HQ CPU @ 2.80GHz
detected L1 = 32768 bytes, L2 = 134217728 bytes, CL = 64 bytes
measured cpu frequency ~= 2843.728260
using 20 random witnesses for Rabin-Miller PRP checks

10/01/18 09:33:34 v1.34.5 @ kali, New random seeds: 0, 1614321160

10/01/18 09:34:34 v1.34.5 @ kali, System/Build Info: 
Using GMP-ECM 7.0-dev, Powered by MPIR 2.6.0
cached 78498 primes. pmax = 999983
detected Intel(R) Core(TM) i7-4980HQ CPU @ 2.80GHz
detected L1 = 32768 bytes, L2 = 134217728 bytes, CL = 64 bytes
measured cpu frequency ~= 2803.745730
using 20 random witnesses for Rabin-Miller PRP checks

10/01/18 09:34:34 v1.34.5 @ kali, New random seeds: 0, 4189032080

10/01/18 09:34:51 v1.34.5 @ kali, Processing expression: factor(59755785915071940777410462687053865746213471238342059083855091242958847756823862857528568455818718292728177410710857977036608634599838466481550581464029906079624826018704693710375310209753936270246969404076816723166667751916360924950918727366979622053194431737822331285079342683657899524035017056413873363)

10/01/18 09:35:16 v1.34.5 @ kali, Processing expression: 

10/01/18 09:36:27 v1.34.5 @ kali, Processing expression: primes(59755785915071940777410462687053865746213471238342059083855091242958847756823862857528568455818718292728177410710857977036608634599838466481550581464029906079624826018704693710375310209753936270246969404076816723166667751916360924950918727366979622053194431737822331285079342683657899524035017056413873363 min=0 max=59755785915071940777410462687053865746213471238342059083855091242958847756823862857528568455818718292728177410710857977036608634599838466481550581464029906079624826018704693710375310209753936270246969404076816723166667751916360924950918727366979622053194431737822331285079342683657899524035017056413873363)

10/02/18 07:52:30 v1.34.5 @ kali, System/Build Info: 
Using GMP-ECM 7.0-dev, Powered by MPIR 2.6.0
cached 78498 primes. pmax = 999983
detected Intel(R) Core(TM) i7-4980HQ CPU @ 2.80GHz
detected L1 = 32768 bytes, L2 = 134217728 bytes, CL = 64 bytes
measured cpu frequency ~= 2821.239590
using 20 random witnesses for Rabin-Miller PRP checks

10/02/18 07:52:30 v1.34.5 @ kali, New random seeds: 0, 3779406256

10/02/18 07:52:45 v1.34.5 @ kali, Processing expression: factor(2163444177926356370001715936364415016055916526316141474034094987358918981439023317216400585132968222779141822558626309537887973763470935289279638564292686203866496655803486075194623157621954568251597989132759497406876204329839645053334938838408889749786051568019216494340005388848925879524377907668085481)

10/02/18 07:52:57 v1.34.5 @ kali, Processing expression: factor(40298604039992093369468098350344122657)

10/02/18 07:54:05 v1.34.5 @ kali, Processing expression: factor(2253014921)

10/02/18 07:54:38 v1.34.5 @ kali, Processing expression: factor(3335800586379664738793287157087446952688803273073767544148926267913)

10/02/18 07:56:06 v1.34.5 @ kali, Processing expression: factor(301303965804248731606386167838508554694818612257)

10/02/18 07:56:35 v1.34.5 @ kali, Processing expression: factor(9168170784306687289)

